0 info it worked if it ends with ok
1 verbose cli [ '/usr/local/bin/node', '/usr/local/bin/npm', 'publish' ]
2 info using npm@2.15.11
3 info using node@v0.12.18
4 verbose publish [ '.' ]
5 silly cache add args [ '.', null ]
6 verbose cache add spec .
7 silly cache add parsed spec { raw: '.',
7 silly cache add   scope: null,
7 silly cache add   name: null,
7 silly cache add   rawSpec: '.',
7 silly cache add   spec: '/Users/diegozuluaga/tools/git/nucleus/nucleus-security-factory',
7 silly cache add   type: 'directory' }
8 verbose addLocalDirectory /Users/diegozuluaga/.npm/nucleus-security-factory/1.0.14/package.tgz not in flight; packing
9 verbose correctMkdir /Users/diegozuluaga/.npm correctMkdir not in flight; initializing
10 verbose tar pack [ '/Users/diegozuluaga/.npm/nucleus-security-factory/1.0.14/package.tgz',
10 verbose tar pack   '/Users/diegozuluaga/tools/git/nucleus/nucleus-security-factory' ]
11 verbose tarball /Users/diegozuluaga/.npm/nucleus-security-factory/1.0.14/package.tgz
12 verbose folder /Users/diegozuluaga/tools/git/nucleus/nucleus-security-factory
13 info prepublish nucleus-security-factory@1.0.14
14 verbose addLocalTarball adding from inside cache /Users/diegozuluaga/.npm/nucleus-security-factory/1.0.14/package.tgz
15 verbose correctMkdir /Users/diegozuluaga/.npm correctMkdir not in flight; initializing
16 silly cache afterAdd nucleus-security-factory@1.0.14
17 verbose afterAdd /Users/diegozuluaga/.npm/nucleus-security-factory/1.0.14/package/package.json not in flight; writing
18 verbose correctMkdir /Users/diegozuluaga/.npm correctMkdir not in flight; initializing
19 verbose afterAdd /Users/diegozuluaga/.npm/nucleus-security-factory/1.0.14/package/package.json written
20 silly publish { name: 'nucleus-security-factory',
20 silly publish   version: '1.0.14',
20 silly publish   description: 'This module generates Express.js routes to handle security of Nucleus API.',
20 silly publish   main: 'index.js',
20 silly publish   scripts: { test: 'echo "Error: no test specified" && exit 1' },
20 silly publish   repository:
20 silly publish    { type: 'git',
20 silly publish      url: 'git+https://github.com/dzuluaga/nucleus-security-factory.git' },
20 silly publish   keywords: [],
20 silly publish   author: '',
20 silly publish   license: 'ISC',
20 silly publish   bugs: { url: 'https://github.com/dzuluaga/nucleus-security-factory/issues' },
20 silly publish   homepage: 'https://github.com/dzuluaga/nucleus-security-factory#readme',
20 silly publish   dependencies:
20 silly publish    { 'apigee-access': '^1.3.0',
20 silly publish      async: '^1.5.2',
20 silly publish      debug: '^2.2.0',
20 silly publish      jsonwebtoken: '^5.5.4',
20 silly publish      lodash: '^4.2.0',
20 silly publish      request: '^2.69.0',
20 silly publish      'url-join': '^1.1.0' },
20 silly publish   gitHead: '3ab6fd2201e07cd32317f4ab6745763ff1c78982',
20 silly publish   readme: '# nucleus-security-factory\nThis module generates Express.js routes to handle security of Nucleus API.\n',
20 silly publish   readmeFilename: 'README.md',
20 silly publish   _id: 'nucleus-security-factory@1.0.14',
20 silly publish   _shasum: '4e5d2a540015f3eba1abc0f85d697ee73b6abf3a',
20 silly publish   _from: '.' }
21 verbose getPublishConfig undefined
22 silly mapToRegistry name nucleus-security-factory
23 silly mapToRegistry using default registry
24 silly mapToRegistry registry https://registry.npmjs.org/
25 silly mapToRegistry data { raw: 'nucleus-security-factory',
25 silly mapToRegistry   scope: null,
25 silly mapToRegistry   name: 'nucleus-security-factory',
25 silly mapToRegistry   rawSpec: '',
25 silly mapToRegistry   spec: 'latest',
25 silly mapToRegistry   type: 'tag' }
26 silly mapToRegistry uri https://registry.npmjs.org/nucleus-security-factory
27 verbose publish registryBase https://registry.npmjs.org/
28 silly publish uploading /Users/diegozuluaga/.npm/nucleus-security-factory/1.0.14/package.tgz
29 verbose request uri https://registry.npmjs.org/nucleus-security-factory
30 verbose request sending authorization for write operation
31 info attempt registry request try #1 at 11:21:41 AM
32 verbose request using bearer token for auth
33 verbose request id 34f305f2109ad319
34 http request PUT https://registry.npmjs.org/nucleus-security-factory
35 http 403 https://registry.npmjs.org/nucleus-security-factory
36 verbose headers { 'content-type': 'application/json',
36 verbose headers   'cache-control': 'max-age=300',
36 verbose headers   'content-length': '96',
36 verbose headers   'accept-ranges': 'bytes',
36 verbose headers   date: 'Sun, 22 Jan 2017 19:21:42 GMT',
36 verbose headers   via: '1.1 varnish',
36 verbose headers   connection: 'keep-alive',
36 verbose headers   'x-served-by': 'cache-sjc3629-SJC',
36 verbose headers   'x-cache': 'MISS',
36 verbose headers   'x-cache-hits': '0',
36 verbose headers   'x-timer': 'S1485112902.699854,VS0,VE215',
36 verbose headers   vary: 'Accept-Encoding' }
37 verbose request invalidating /Users/diegozuluaga/.npm/registry.npmjs.org/nucleus-security-factory on PUT
38 error publish Failed PUT 403
39 verbose stack Error: "You cannot publish over the previously published version 1.0.14." : nucleus-security-factory
39 verbose stack     at makeError (/usr/local/lib/node_modules/npm/node_modules/npm-registry-client/lib/request.js:302:12)
39 verbose stack     at CachingRegistryClient.<anonymous> (/usr/local/lib/node_modules/npm/node_modules/npm-registry-client/lib/request.js:290:14)
39 verbose stack     at Request._callback (/usr/local/lib/node_modules/npm/node_modules/npm-registry-client/lib/request.js:210:14)
39 verbose stack     at Request.self.callback (/usr/local/lib/node_modules/npm/node_modules/request/request.js:187:22)
39 verbose stack     at Request.emit (events.js:110:17)
39 verbose stack     at Request.<anonymous> (/usr/local/lib/node_modules/npm/node_modules/request/request.js:1044:10)
39 verbose stack     at Request.emit (events.js:107:17)
39 verbose stack     at IncomingMessage.<anonymous> (/usr/local/lib/node_modules/npm/node_modules/request/request.js:965:12)
39 verbose stack     at IncomingMessage.emit (events.js:129:20)
39 verbose stack     at _stream_readable.js:908:16
40 verbose statusCode 403
41 verbose pkgid nucleus-security-factory
42 verbose cwd /Users/diegozuluaga/tools/git/nucleus/nucleus-security-factory
43 error Darwin 16.3.0
44 error argv "/usr/local/bin/node" "/usr/local/bin/npm" "publish"
45 error node v0.12.18
46 error npm  v2.15.11
47 error code E403
48 error "You cannot publish over the previously published version 1.0.14." : nucleus-security-factory
49 error If you need help, you may report this error at:
49 error     <https://github.com/npm/npm/issues>
50 verbose exit [ 1, true ]
